<?xml version="1.0" encoding="UTF-8"?>
<!-- Generated by org.testng.reporters.JUnitXMLReporter -->
<testsuite hostname="DESKTOP-KLJ6QCT" ignored="1" name="Default test" tests="1" failures="0" timestamp="2022-01-18T07:46:37 IST" time="0.079" errors="0">
  <testcase name="testTest1" time="0.013" classname="com.Sample.com.Sample.ExceptionHandleExampleTest"/>
  <testcase name="testTest" time="0.0" classname="com.Sample.com.Sample.ExceptionHandleExampleTest">
    <ignored/>
  </testcase> <!-- testTest -->
</testsuite> <!-- Default test -->
